<?xml version="1.0" encoding="UTF-8"?>
<robot generator="Robot 7.3.2 (Python 3.12.3 on linux)" generated="2025-08-02T00:18:43.730280" rpa="false" schemaversion="5">
<suite id="s1" name="Qa Test Exam" source="/home/blackmen/www/Qa_Test_Exam">
<suite id="s1-s1" name="Lab4" source="/home/blackmen/www/Qa_Test_Exam/lab4">
<suite id="s1-s1-s1" name="Testcases" source="/home/blackmen/www/Qa_Test_Exam/lab4/testcases">
<suite id="s1-s1-s1-s1" name="Testcases" source="/home/blackmen/www/Qa_Test_Exam/lab4/testcases/testcases.robot">
<test id="s1-s1-s1-s1-t1" name="Execution Mobile" line="6">
<kw name="Open Application MyApp" owner="keywords">
<kw name="Open Application" owner="AppiumLibrary">
<arg>${REMOTE_URL}</arg>
<arg>platformName=${PLATFORM_NAME}</arg>
<arg>deviceName=${DEVICE_NAME}</arg>
<arg>automationName=${AUTOMATION_NAME}</arg>
<arg>appPackage=${APP_PACKAGE}</arg>
<arg>appActivity=${APP_ACTIVITY}</arg>
<doc>Opens a new application to given Appium server.
Capabilities of appium server, Android and iOS,
Please check https://appium.io/docs/en/2.19/guides/caps/
| *Option*            | *Man.* | *Description*     |
| remote_url          | Yes    | Appium server url |
| alias               | No     | alias             |</doc>
<status status="PASS" start="2025-08-02T00:18:43.930261" elapsed="5.158982"/>
</kw>
<status status="PASS" start="2025-08-02T00:18:43.929325" elapsed="5.160518"/>
</kw>
<kw name="Enter username" owner="keywords">
<kw name="Click Element" owner="AppiumLibrary">
<msg time="2025-08-02T00:18:49.097162" level="INFO">Clicking element '//android.widget.FrameLayout[@resource-id="android:id/content"]/android.widget.FrameLayout/android.view.View/android.view.View/android.view.View/android.view.View/android.widget.EditText[1]'.</msg>
<msg time="2025-08-02T00:18:50.392526" level="INFO">xpath criteria: //android.widget.FrameLayout[@resource-id="android:id/content"]/android.widget.FrameLayout/android.view.View/android.view.View/android.view.View/android.view.View/android.widget.EditText[1]</msg>
<arg>${USERNAME}</arg>
<doc>Click element identified by `locator`.</doc>
<status status="PASS" start="2025-08-02T00:18:49.092688" elapsed="1.300234"/>
</kw>
<kw name="Input Text" owner="AppiumLibrary">
<msg time="2025-08-02T00:18:50.397918" level="INFO">Typing text 'johnd' into text field '//android.widget.FrameLayout[@resource-id="android:id/content"]/android.widget.FrameLayout/android.view.View/android.view.View/android.view.View/android.view.View/android.widget.EditText[1]'</msg>
<msg time="2025-08-02T00:18:51.817699" level="INFO">xpath criteria: //android.widget.FrameLayout[@resource-id="android:id/content"]/android.widget.FrameLayout/android.view.View/android.view.View/android.view.View/android.view.View/android.widget.EditText[1]</msg>
<arg>${USERNAME}</arg>
<arg>johnd</arg>
<doc>Types the given `text` into text field identified by `locator`.</doc>
<status status="PASS" start="2025-08-02T00:18:50.393384" elapsed="1.424709"/>
</kw>
<status status="PASS" start="2025-08-02T00:18:49.091145" elapsed="2.727189"/>
</kw>
<kw name="Enter password" owner="keywords">
<kw name="Click Element" owner="AppiumLibrary">
<msg time="2025-08-02T00:18:51.821346" level="INFO">Clicking element '//android.widget.FrameLayout[@resource-id="android:id/content"]/android.widget.FrameLayout/android.view.View/android.view.View/android.view.View/android.view.View/android.widget.EditText[2]'.</msg>
<msg time="2025-08-02T00:18:52.429015" level="INFO">xpath criteria: //android.widget.FrameLayout[@resource-id="android:id/content"]/android.widget.FrameLayout/android.view.View/android.view.View/android.view.View/android.view.View/android.widget.EditText[2]</msg>
<arg>${PASSWORD}</arg>
<doc>Click element identified by `locator`.</doc>
<status status="PASS" start="2025-08-02T00:18:51.819233" elapsed="0.610267"/>
</kw>
<kw name="Input Password" owner="AppiumLibrary">
<msg time="2025-08-02T00:18:52.434275" level="INFO">Typing password into text field '//android.widget.FrameLayout[@resource-id="android:id/content"]/android.widget.FrameLayout/android.view.View/android.view.View/android.view.View/android.view.View/android.widget.EditText[2]'</msg>
<msg time="2025-08-02T00:18:53.222377" level="INFO">xpath criteria: //android.widget.FrameLayout[@resource-id="android:id/content"]/android.widget.FrameLayout/android.view.View/android.view.View/android.view.View/android.view.View/android.widget.EditText[2]</msg>
<arg>${PASSWORD}</arg>
<arg>m38rmF$</arg>
<doc>Types the given password into text field identified by `locator`.</doc>
<status status="PASS" start="2025-08-02T00:18:52.429924" elapsed="0.792962"/>
</kw>
<status status="PASS" start="2025-08-02T00:18:51.818693" elapsed="1.404573"/>
</kw>
<kw name="Log In" owner="keywords">
<kw name="Click Element" owner="AppiumLibrary">
<msg time="2025-08-02T00:18:53.226832" level="INFO">Clicking element '//android.widget.Button[@content-desc="Se connecter"]'.</msg>
<msg time="2025-08-02T00:18:55.055934" level="INFO">xpath criteria: //android.widget.Button[@content-desc="Se connecter"]</msg>
<arg>${LOGIN}</arg>
<doc>Click element identified by `locator`.</doc>
<status status="PASS" start="2025-08-02T00:18:53.224894" elapsed="1.831846"/>
</kw>
<status status="PASS" start="2025-08-02T00:18:53.224082" elapsed="1.833312"/>
</kw>
<kw name="Fill the Form" owner="keywords">
<kw name="Wait Until Element Is Visible" owner="AppiumLibrary">
<msg time="2025-08-02T00:18:55.229565" level="INFO">xpath criteria: //android.widget.FrameLayout[@resource-id="android:id/content"]/android.widget.FrameLayout/android.view.View/android.view.View/android.view.View/android.view.View/android.view.View[2]/android.view.View/android.widget.EditText[1]</msg>
<arg>${FORM_TITLE}</arg>
<arg>5</arg>
<doc>Waits until element specified with `locator` is visible.</doc>
<status status="PASS" start="2025-08-02T00:18:55.061606" elapsed="0.168228"/>
</kw>
<kw name="Click Element" owner="AppiumLibrary">
<msg time="2025-08-02T00:18:55.232565" level="INFO">Clicking element '//android.widget.FrameLayout[@resource-id="android:id/content"]/android.widget.FrameLayout/android.view.View/android.view.View/android.view.View/android.view.View/android.view.View[2]/android.view.View/android.widget.EditText[1]'.</msg>
<msg time="2025-08-02T00:18:55.356557" level="INFO">xpath criteria: //android.widget.FrameLayout[@resource-id="android:id/content"]/android.widget.FrameLayout/android.view.View/android.view.View/android.view.View/android.view.View/android.view.View[2]/android.view.View/android.widget.EditText[1]</msg>
<arg>${FORM_TITLE}</arg>
<doc>Click element identified by `locator`.</doc>
<status status="PASS" start="2025-08-02T00:18:55.230193" elapsed="0.126800"/>
</kw>
<kw name="Input Text" owner="AppiumLibrary">
<msg time="2025-08-02T00:18:55.361350" level="INFO">Typing text 'HP PAVILION' into text field '//android.widget.FrameLayout[@resource-id="android:id/content"]/android.widget.FrameLayout/android.view.View/android.view.View/android.view.View/android.view.View/android.view.View[2]/android.view.View/android.widget.EditText[1]'</msg>
<msg time="2025-08-02T00:18:56.714298" level="INFO">xpath criteria: //android.widget.FrameLayout[@resource-id="android:id/content"]/android.widget.FrameLayout/android.view.View/android.view.View/android.view.View/android.view.View/android.view.View[2]/android.view.View/android.widget.EditText[1]</msg>
<arg>${FORM_TITLE}</arg>
<arg>HP PAVILION</arg>
<doc>Types the given `text` into text field identified by `locator`.</doc>
<status status="PASS" start="2025-08-02T00:18:55.357390" elapsed="1.357275"/>
</kw>
<kw name="Click Element" owner="AppiumLibrary">
<msg time="2025-08-02T00:18:56.719143" level="INFO">Clicking element '//android.widget.FrameLayout[@resource-id="android:id/content"]/android.widget.FrameLayout/android.view.View/android.view.View/android.view.View/android.view.View/android.view.View[2]/android.view.View/android.widget.EditText[2]'.</msg>
<msg time="2025-08-02T00:18:57.465416" level="INFO">xpath criteria: //android.widget.FrameLayout[@resource-id="android:id/content"]/android.widget.FrameLayout/android.view.View/android.view.View/android.view.View/android.view.View/android.view.View[2]/android.view.View/android.widget.EditText[2]</msg>
<arg>${FORM_PRICE}</arg>
<doc>Click element identified by `locator`.</doc>
<status status="PASS" start="2025-08-02T00:18:56.715077" elapsed="0.751395"/>
</kw>
<kw name="Input Text" owner="AppiumLibrary">
<msg time="2025-08-02T00:18:57.471723" level="INFO">Typing text '200000' into text field '//android.widget.FrameLayout[@resource-id="android:id/content"]/android.widget.FrameLayout/android.view.View/android.view.View/android.view.View/android.view.View/android.view.View[2]/android.view.View/android.widget.EditText[2]'</msg>
<msg time="2025-08-02T00:18:58.285127" level="INFO">xpath criteria: //android.widget.FrameLayout[@resource-id="android:id/content"]/android.widget.FrameLayout/android.view.View/android.view.View/android.view.View/android.view.View/android.view.View[2]/android.view.View/android.widget.EditText[2]</msg>
<arg>${FORM_PRICE}</arg>
<arg>200000</arg>
<doc>Types the given `text` into text field identified by `locator`.</doc>
<status status="PASS" start="2025-08-02T00:18:57.467051" elapsed="0.818318"/>
</kw>
<kw name="Click Element" owner="AppiumLibrary">
<msg time="2025-08-02T00:18:58.288207" level="INFO">Clicking element '//android.widget.FrameLayout[@resource-id="android:id/content"]/android.widget.FrameLayout/android.view.View/android.view.View/android.view.View/android.view.View/android.view.View[2]/android.view.View/android.widget.EditText[3]'.</msg>
<msg time="2025-08-02T00:18:59.582117" level="INFO">xpath criteria: //android.widget.FrameLayout[@resource-id="android:id/content"]/android.widget.FrameLayout/android.view.View/android.view.View/android.view.View/android.view.View/android.view.View[2]/android.view.View/android.widget.EditText[3]</msg>
<arg>${FORM_DESCRIPTION}</arg>
<doc>Click element identified by `locator`.</doc>
<status status="PASS" start="2025-08-02T00:18:58.285615" elapsed="1.296786"/>
</kw>
<kw name="Input Text" owner="AppiumLibrary">
<msg time="2025-08-02T00:18:59.585510" level="INFO">Typing text 'INTEL CORE I5 / RAM 16 GO / STOCKAGE SSD 512' into text field '//android.widget.FrameLayout[@resource-id="android:id/content"]/android.widget.FrameLayout/android.view.View/android.view.View/android.view.View/android.view.View/android.view.View[2]/android.view.View/android.widget.EditText[3]'</msg>
<msg time="2025-08-02T00:18:59.654101" level="INFO">xpath criteria: //android.widget.FrameLayout[@resource-id="android:id/content"]/android.widget.FrameLayout/android.view.View/android.view.View/android.view.View/android.view.View/android.view.View[2]/android.view.View/android.widget.EditText[3]</msg>
<arg>${FORM_DESCRIPTION}</arg>
<arg>INTEL CORE I5 / RAM 16 GO / STOCKAGE SSD 512</arg>
<doc>Types the given `text` into text field identified by `locator`.</doc>
<status status="PASS" start="2025-08-02T00:18:59.582718" elapsed="0.071733"/>
</kw>
<kw name="Click Element" owner="AppiumLibrary">
<msg time="2025-08-02T00:18:59.657987" level="INFO">Clicking element '//android.widget.FrameLayout[@resource-id="android:id/content"]/android.widget.FrameLayout/android.view.View/android.view.View/android.view.View/android.view.View/android.view.View[2]/android.view.View/android.widget.EditText[4]'.</msg>
<msg time="2025-08-02T00:19:00.846754" level="INFO">xpath criteria: //android.widget.FrameLayout[@resource-id="android:id/content"]/android.widget.FrameLayout/android.view.View/android.view.View/android.view.View/android.view.View/android.view.View[2]/android.view.View/android.widget.EditText[4]</msg>
<arg>${FORM_CATEGORIE}</arg>
<doc>Click element identified by `locator`.</doc>
<status status="PASS" start="2025-08-02T00:18:59.654823" elapsed="1.192583"/>
</kw>
<kw name="Input Text" owner="AppiumLibrary">
<msg time="2025-08-02T00:19:00.854914" level="INFO">Typing text 'INFORMATIQUE' into text field '//android.widget.FrameLayout[@resource-id="android:id/content"]/android.widget.FrameLayout/android.view.View/android.view.View/android.view.View/android.view.View/android.view.View[2]/android.view.View/android.widget.EditText[4]'</msg>
<msg time="2025-08-02T00:19:01.735390" level="INFO">xpath criteria: //android.widget.FrameLayout[@resource-id="android:id/content"]/android.widget.FrameLayout/android.view.View/android.view.View/android.view.View/android.view.View/android.view.View[2]/android.view.View/android.widget.EditText[4]</msg>
<arg>${FORM_CATEGORIE}</arg>
<arg>INFORMATIQUE</arg>
<doc>Types the given `text` into text field identified by `locator`.</doc>
<status status="PASS" start="2025-08-02T00:19:00.848173" elapsed="0.887560"/>
</kw>
<kw name="Click Element" owner="AppiumLibrary">
<msg time="2025-08-02T00:19:01.740312" level="INFO">Clicking element '//android.widget.FrameLayout[@resource-id="android:id/content"]/android.widget.FrameLayout/android.view.View/android.view.View/android.view.View/android.view.View/android.view.View[2]/android.view.View/android.widget.EditText[5]'.</msg>
<msg time="2025-08-02T00:19:03.111397" level="INFO">xpath criteria: //android.widget.FrameLayout[@resource-id="android:id/content"]/android.widget.FrameLayout/android.view.View/android.view.View/android.view.View/android.view.View/android.view.View[2]/android.view.View/android.widget.EditText[5]</msg>
<arg>${FORM_URL}</arg>
<doc>Click element identified by `locator`.</doc>
<status status="PASS" start="2025-08-02T00:19:01.736122" elapsed="1.376322"/>
</kw>
<kw name="Input Text" owner="AppiumLibrary">
<msg time="2025-08-02T00:19:03.124886" level="INFO">Typing text 'https://media.s-bol.com/mPZVP9nYm18r/LjE9op/550x469.jpg' into text field '//android.widget.FrameLayout[@resource-id="android:id/content"]/android.widget.FrameLayout/android.view.View/android.view.View/android.view.View/android.view.View/android.view.View[2]/android.view.View/android.widget.EditText[5]'</msg>
<msg time="2025-08-02T00:19:03.257771" level="INFO">xpath criteria: //android.widget.FrameLayout[@resource-id="android:id/content"]/android.widget.FrameLayout/android.view.View/android.view.View/android.view.View/android.view.View/android.view.View[2]/android.view.View/android.widget.EditText[5]</msg>
<arg>${FORM_URL}</arg>
<arg>https://media.s-bol.com/mPZVP9nYm18r/LjE9op/550x469.jpg</arg>
<doc>Types the given `text` into text field identified by `locator`.</doc>
<status status="PASS" start="2025-08-02T00:19:03.113231" elapsed="0.145010"/>
</kw>
<kw name="Click Element" owner="AppiumLibrary">
<msg time="2025-08-02T00:19:03.263469" level="INFO">Clicking element '//android.widget.Button[@content-desc="Ajouter"]'.</msg>
<msg time="2025-08-02T00:19:05.324080" level="INFO">xpath criteria: //android.widget.Button[@content-desc="Ajouter"]</msg>
<arg>${FORM_BUTTON_ADD}</arg>
<doc>Click element identified by `locator`.</doc>
<status status="PASS" start="2025-08-02T00:19:03.258699" elapsed="2.065769"/>
</kw>
<status status="PASS" start="2025-08-02T00:18:55.058919" elapsed="10.265894"/>
</kw>
<status status="PASS" start="2025-08-02T00:18:43.925230" elapsed="21.400127"/>
</test>
<status status="PASS" start="2025-08-02T00:18:43.794518" elapsed="21.542934"/>
</suite>
<status status="PASS" start="2025-08-02T00:18:43.778461" elapsed="21.612799"/>
</suite>
<status status="PASS" start="2025-08-02T00:18:43.774098" elapsed="21.663332"/>
</suite>
<status status="PASS" start="2025-08-02T00:18:43.747335" elapsed="21.736184"/>
</suite>
<statistics>
<total>
<stat pass="1" fail="0" skip="0">All Tests</stat>
</total>
<tag>
</tag>
<suite>
<stat name="Qa Test Exam" id="s1" pass="1" fail="0" skip="0">Qa Test Exam</stat>
<stat name="Lab4" id="s1-s1" pass="1" fail="0" skip="0">Qa Test Exam.Lab4</stat>
<stat name="Testcases" id="s1-s1-s1" pass="1" fail="0" skip="0">Qa Test Exam.Lab4.Testcases</stat>
<stat name="Testcases" id="s1-s1-s1-s1" pass="1" fail="0" skip="0">Qa Test Exam.Lab4.Testcases.Testcases</stat>
</suite>
</statistics>
<errors>
</errors>
</robot>
